<?xml version="1.0" encoding="UTF-8"?>
<!-- Generated by org.testng.reporters.JUnitReportReporter -->
<testsuite name="com.test.mevandemo.hero" tests="1" time="5.563" ignored="0" failures="0" timestamp="12 Feb 2019 07:28:06 GMT" skipped="0" hostname="P5-GLC8N62" errors="0">
  <testcase name="f" time="5.563" classname="com.test.mevandemo.hero"/>
</testsuite> <!-- com.test.mevandemo.hero -->
