<?xml version="1.0" encoding="UTF-8"?>
<!-- Generated by org.testng.reporters.JUnitReportReporter -->
<testsuite name="com.test.mevandemo.NewTest" tests="1" time="8.892" ignored="0" failures="0" timestamp="12 Feb 2019 05:48:20 GMT" skipped="0" hostname="P5-GLC8N62" errors="0">
  <testcase name="f" time="8.892" classname="com.test.mevandemo.NewTest"/>
</testsuite> <!-- com.test.mevandemo.NewTest -->
